2024-05-24T10:48:20.630+07:00  INFO 89257 --- [RasukanAuth] [Test worker] a.b.r.RasukanLSPApplicationTests         : Starting RasukanLSPApplicationTests using Java 21.0.2 with PID 89257 (started by yussanti in /Users/yussanti/Desktop/semester-4/ADPRO/tk/Rasukan-be-staff-listing-payment)
2024-05-24T10:48:20.666+07:00  INFO 89257 --- [RasukanAuth] [Test worker] a.b.r.RasukanLSPApplicationTests         : The following 1 profile is active: "dev"
2024-05-24T10:48:22.697+07:00  INFO 89257 --- [RasukanAuth] [Test worker] .s.d.r.c.RepositoryConfigurationDelegate : Bootstrapping Spring Data JPA repositories in DEFAULT mode.
2024-05-24T10:48:22.830+07:00  INFO 89257 --- [RasukanAuth] [Test worker] .s.d.r.c.RepositoryConfigurationDelegate : Finished Spring Data repository scanning in 102 ms. Found 2 JPA repository interfaces.
2024-05-24T10:48:24.089+07:00  INFO 89257 --- [RasukanAuth] [Test worker] o.hibernate.jpa.internal.util.LogHelper  : HHH000204: Processing PersistenceUnitInfo [name: default]
2024-05-24T10:48:24.243+07:00  INFO 89257 --- [RasukanAuth] [Test worker] org.hibernate.Version                    : HHH000412: Hibernate ORM core version 6.4.4.Final
2024-05-24T10:48:24.317+07:00  INFO 89257 --- [RasukanAuth] [Test worker] o.h.c.internal.RegionFactoryInitiator    : HHH000026: Second-level cache disabled
2024-05-24T10:48:24.907+07:00  INFO 89257 --- [RasukanAuth] [Test worker] o.s.o.j.p.SpringPersistenceUnitInfo      : No LoadTimeWeaver setup: ignoring JPA class transformer
2024-05-24T10:48:24.987+07:00  INFO 89257 --- [RasukanAuth] [Test worker] com.zaxxer.hikari.HikariDataSource       : HikariPool-1 - Starting...
2024-05-24T10:48:25.439+07:00  INFO 89257 --- [RasukanAuth] [Test worker] com.zaxxer.hikari.pool.HikariPool        : HikariPool-1 - Added connection org.postgresql.jdbc.PgConnection@4668f98c
2024-05-24T10:48:25.442+07:00  INFO 89257 --- [RasukanAuth] [Test worker] com.zaxxer.hikari.HikariDataSource       : HikariPool-1 - Start completed.
2024-05-24T10:48:25.585+07:00  WARN 89257 --- [RasukanAuth] [Test worker] org.hibernate.orm.deprecation            : HHH90000025: PostgreSQLDialect does not need to be specified explicitly using 'hibernate.dialect' (remove the property setting and it will be selected by default)
2024-05-24T10:48:27.731+07:00  INFO 89257 --- [RasukanAuth] [Test worker] o.h.e.t.j.p.i.JtaPlatformInitiator       : HHH000489: No JTA platform available (set 'hibernate.transaction.jta.platform' to enable JTA platform integration)
2024-05-24T10:48:27.959+07:00  INFO 89257 --- [RasukanAuth] [Test worker] j.LocalContainerEntityManagerFactoryBean : Initialized JPA EntityManagerFactory for persistence unit 'default'
2024-05-24T10:48:29.146+07:00  WARN 89257 --- [RasukanAuth] [Test worker] JpaBaseConfiguration$JpaWebConfiguration : spring.jpa.open-in-view is enabled by default. Therefore, database queries may be performed during view rendering. Explicitly configure spring.jpa.open-in-view to disable this warning
2024-05-24T10:48:30.395+07:00  INFO 89257 --- [RasukanAuth] [Test worker] o.s.b.a.e.web.EndpointLinksResolver      : Exposing 0 endpoint(s) beneath base path '/actuator'
2024-05-24T10:48:30.500+07:00  INFO 89257 --- [RasukanAuth] [Test worker] a.b.r.RasukanLSPApplicationTests         : Started RasukanLSPApplicationTests in 10.687 seconds (process running for 13.426)
2024-05-24T10:48:31.859+07:00  INFO 89257 --- [RasukanAuth] [SpringApplicationShutdownHook] j.LocalContainerEntityManagerFactoryBean : Closing JPA EntityManagerFactory for persistence unit 'default'
2024-05-24T10:48:32.888+07:00  INFO 89257 --- [RasukanAuth] [SpringApplicationShutdownHook] com.zaxxer.hikari.HikariDataSource       : HikariPool-1 - Shutdown initiated...
2024-05-24T10:48:32.896+07:00  INFO 89257 --- [RasukanAuth] [SpringApplicationShutdownHook] com.zaxxer.hikari.HikariDataSource       : HikariPool-1 - Shutdown completed.
2024-05-24T11:00:15.806+07:00  INFO 91714 --- [RasukanAuth] [Test worker] a.b.r.RasukanLSPApplicationTests         : Starting RasukanLSPApplicationTests using Java 21.0.2 with PID 91714 (started by yussanti in /Users/yussanti/Desktop/semester-4/ADPRO/tk/Rasukan-be-staff-listing-payment)
2024-05-24T11:00:15.809+07:00  INFO 91714 --- [RasukanAuth] [Test worker] a.b.r.RasukanLSPApplicationTests         : The following 1 profile is active: "dev"
2024-05-24T11:00:17.418+07:00  INFO 91714 --- [RasukanAuth] [Test worker] .s.d.r.c.RepositoryConfigurationDelegate : Bootstrapping Spring Data JPA repositories in DEFAULT mode.
2024-05-24T11:00:17.529+07:00  INFO 91714 --- [RasukanAuth] [Test worker] .s.d.r.c.RepositoryConfigurationDelegate : Finished Spring Data repository scanning in 94 ms. Found 2 JPA repository interfaces.
2024-05-24T11:00:18.667+07:00  INFO 91714 --- [RasukanAuth] [Test worker] o.hibernate.jpa.internal.util.LogHelper  : HHH000204: Processing PersistenceUnitInfo [name: default]
2024-05-24T11:00:18.817+07:00  INFO 91714 --- [RasukanAuth] [Test worker] org.hibernate.Version                    : HHH000412: Hibernate ORM core version 6.4.4.Final
2024-05-24T11:00:18.893+07:00  INFO 91714 --- [RasukanAuth] [Test worker] o.h.c.internal.RegionFactoryInitiator    : HHH000026: Second-level cache disabled
2024-05-24T11:00:19.470+07:00  INFO 91714 --- [RasukanAuth] [Test worker] o.s.o.j.p.SpringPersistenceUnitInfo      : No LoadTimeWeaver setup: ignoring JPA class transformer
2024-05-24T11:00:19.536+07:00  INFO 91714 --- [RasukanAuth] [Test worker] com.zaxxer.hikari.HikariDataSource       : HikariPool-1 - Starting...
2024-05-24T11:00:19.792+07:00  INFO 91714 --- [RasukanAuth] [Test worker] com.zaxxer.hikari.pool.HikariPool        : HikariPool-1 - Added connection org.postgresql.jdbc.PgConnection@664bd35e
2024-05-24T11:00:19.797+07:00  INFO 91714 --- [RasukanAuth] [Test worker] com.zaxxer.hikari.HikariDataSource       : HikariPool-1 - Start completed.
2024-05-24T11:00:19.929+07:00  WARN 91714 --- [RasukanAuth] [Test worker] org.hibernate.orm.deprecation            : HHH90000025: PostgreSQLDialect does not need to be specified explicitly using 'hibernate.dialect' (remove the property setting and it will be selected by default)
2024-05-24T11:00:21.770+07:00  INFO 91714 --- [RasukanAuth] [Test worker] o.h.e.t.j.p.i.JtaPlatformInitiator       : HHH000489: No JTA platform available (set 'hibernate.transaction.jta.platform' to enable JTA platform integration)
2024-05-24T11:00:21.874+07:00  WARN 91714 --- [RasukanAuth] [Test worker] o.h.engine.jdbc.spi.SqlExceptionHelper   : SQL Warning Code: 0, SQLState: 00000
2024-05-24T11:00:21.874+07:00  WARN 91714 --- [RasukanAuth] [Test worker] o.h.engine.jdbc.spi.SqlExceptionHelper   : relation "listing_to_order" does not exist, skipping
2024-05-24T11:00:21.877+07:00  WARN 91714 --- [RasukanAuth] [Test worker] o.h.engine.jdbc.spi.SqlExceptionHelper   : SQL Warning Code: 0, SQLState: 00000
2024-05-24T11:00:21.878+07:00  WARN 91714 --- [RasukanAuth] [Test worker] o.h.engine.jdbc.spi.SqlExceptionHelper   : table "listing_to_order" does not exist, skipping
2024-05-24T11:00:21.880+07:00  WARN 91714 --- [RasukanAuth] [Test worker] o.h.engine.jdbc.spi.SqlExceptionHelper   : SQL Warning Code: 0, SQLState: 00000
2024-05-24T11:00:21.880+07:00  WARN 91714 --- [RasukanAuth] [Test worker] o.h.engine.jdbc.spi.SqlExceptionHelper   : table "orders" does not exist, skipping
2024-05-24T11:00:21.945+07:00  INFO 91714 --- [RasukanAuth] [Test worker] j.LocalContainerEntityManagerFactoryBean : Initialized JPA EntityManagerFactory for persistence unit 'default'
2024-05-24T11:00:23.089+07:00  WARN 91714 --- [RasukanAuth] [Test worker] JpaBaseConfiguration$JpaWebConfiguration : spring.jpa.open-in-view is enabled by default. Therefore, database queries may be performed during view rendering. Explicitly configure spring.jpa.open-in-view to disable this warning
2024-05-24T11:00:24.305+07:00  INFO 91714 --- [RasukanAuth] [Test worker] o.s.b.a.e.web.EndpointLinksResolver      : Exposing 0 endpoint(s) beneath base path '/actuator'
2024-05-24T11:00:24.409+07:00  INFO 91714 --- [RasukanAuth] [Test worker] a.b.r.RasukanLSPApplicationTests         : Started RasukanLSPApplicationTests in 9.134 seconds (process running for 11.724)
2024-05-24T11:00:25.566+07:00  INFO 91714 --- [RasukanAuth] [SpringApplicationShutdownHook] j.LocalContainerEntityManagerFactoryBean : Closing JPA EntityManagerFactory for persistence unit 'default'
2024-05-24T11:00:25.991+07:00  INFO 91714 --- [RasukanAuth] [SpringApplicationShutdownHook] com.zaxxer.hikari.HikariDataSource       : HikariPool-1 - Shutdown initiated...
2024-05-24T11:00:25.997+07:00  INFO 91714 --- [RasukanAuth] [SpringApplicationShutdownHook] com.zaxxer.hikari.HikariDataSource       : HikariPool-1 - Shutdown completed.
